[INFO ] 2022-09-09 17:25:07.826 [main] Log - *** Running test method TC18_Validate_Joinnow_club_select_monthlyrates_$36_99_add_amenities_list...
[INFO ] 2022-09-09 17:25:09.859 [main] Log - Chrome browser launched successfully
[INFO ] 2022-09-09 17:25:28.877 [main] Log - Entered the application url successfully
[INFO ] 2022-09-09 17:25:35.950 [main] Log - Join_now_button clicked successfully
[INFO ] 2022-09-09 17:25:36.198 [main] Log - Country dropdown field is displayed successfully
[INFO ] 2022-09-09 17:25:36.509 [main] Log - Country dropdown value: USA is selected successfully
[INFO ] 2022-09-09 17:25:36.742 [main] Log - By State or province dropdown field  is displayed successfully
[INFO ] 2022-09-09 17:25:36.809 [main] Log - By state or province dropdown value: NY is selected successfully
[INFO ] 2022-09-09 17:25:40.050 [main] Log - NY contains in the results 
[INFO ] 2022-09-09 17:25:40.051 [main] Log - 28 Club(s) found in "NY"
[INFO ] 2022-09-09 17:25:45.965 [main] Log - club BRONX - EASTCHESTER RD. (Signature) is selected
[INFO ] 2022-09-09 17:25:51.234 [main] Log - Join this club button is displayed successfully
[INFO ] 2022-09-09 17:25:56.400 [main] Log - User successfully navigated to the step two (Select a Membership Plan) page: LA Fitness | Online Membership - Rate | BRONX - EASTCHESTER RD. (Signature)
[INFO ] 2022-09-09 17:25:56.638 [main] Log - Select a Membership Plan section displayed successfully
[INFO ] 2022-09-09 17:25:56.871 [main] Log - Select additional features section is displayed successfully
[INFO ] 2022-09-09 17:25:57.103 [main] Log - Your homeclub section is displayed successfully
[INFO ] 2022-09-09 17:26:01.901 [main] Log - Selected 38.99 Monthly Rate successfully
[INFO ] 2022-09-09 17:26:02.799 [main] Log - Add Amenities section is displayed successfully
[INFO ] 2022-09-09 17:26:02.864 [main] Log - Amenity: Towels: $5.00 check box is checked: false and validated successfully
[INFO ] 2022-09-09 17:26:02.864 [main] Log - All values matched successfully in the amenities list
[INFO ] 2022-09-09 17:26:03.090 [main] Log - Included Amenities section is displayed successfully
[INFO ] 2022-09-09 17:26:08.135 [main] Log - Amenity: Racquetball/Squash Courts: Included check box is checked: true and validated successfully
[INFO ] 2022-09-09 17:26:08.172 [main] Log - Amenity: 2 guests per visit: Included check box is checked: true and validated successfully
[INFO ] 2022-09-09 17:26:08.208 [main] Log - Amenity: Group Fitness: Included check box is checked: true and validated successfully
[INFO ] 2022-09-09 17:26:08.247 [main] Log - Amenity: Cycle Class: Included check box is checked: true and validated successfully
[INFO ] 2022-09-09 17:26:08.286 [main] Log - Amenity: Pool/Whirlpool Spa: Included check box is checked: true and validated successfully
[INFO ] 2022-09-09 17:26:08.324 [main] Log - Amenity: Esporta Brand Access: Included check box is checked: true and validated successfully
[INFO ] 2022-09-09 17:26:08.362 [main] Log - Amenity: City Sports Brand Access: Included check box is checked: true and validated successfully
[INFO ] 2022-09-09 17:26:08.402 [main] Log - Amenity: LA Fitness Brand Access: Included check box is checked: true and validated successfully
[INFO ] 2022-09-09 17:26:08.402 [main] Log - All values matched successfully in the amenities list
[INFO ] 2022-09-09 17:26:21.575 [main] Log - *** Test Suite TC18_Validate_Joinnow_club_select_monthlyrates_$36_99_add_amenities_list ending ***
[INFO ] 2022-09-09 17:26:21.576 [main] Log - Browser is closed
